*** Start analyzing build configuration ***
*** List of included argument files ***
    Build configuration file:  D:\EDA\project\I2C\I2C\kei_i2c_tb\.dvt\default.build
    -f D:\EDA\project\I2C\I2C\kei_i2c_tb\sim\kei_i2c.dvt.flist
*** List of invocations ***
Invocation #1 +dvt_init+dvt in D:\EDA\project\I2C\I2C\kei_i2c_tb\.dvt\default.build at line 3
*** Done analyzing build configuration [11 ms] ***
*** Start SystemVerilog build ***
*** Loading top files ***
Loading (1) D:\EDA\dvt_eclipse\predefined_projects\libs\uvm-1.2\src\uvm_pkg.sv ...
Loading (2) D:\EDA\dvt_eclipse\predefined_projects\libs\uvm-1.2\src\uvm_macros.svh ...
Loading (3) D:\EDA\dvt_eclipse\predefined_projects\libs\uvm-1.2\src\macros\uvm_version_defines.svh ...
Done D:\EDA\dvt_eclipse\predefined_projects\libs\uvm-1.2\src\macros\uvm_version_defines.svh [67 ms, 151 lines, SystemVerilog_2012] ...
Loading (4) D:\EDA\dvt_eclipse\predefined_projects\libs\uvm-1.2\src\macros\uvm_global_defines.svh ...
Done D:\EDA\dvt_eclipse\predefined_projects\libs\uvm-1.2\src\macros\uvm_global_defines.svh [0 ms, 61 lines, SystemVerilog_2012] ...
Loading (5) D:\EDA\dvt_eclipse\predefined_projects\libs\uvm-1.2\src\macros\uvm_message_defines.svh ...
Done D:\EDA\dvt_eclipse\predefined_projects\libs\uvm-1.2\src\macros\uvm_message_defines.svh [0 ms, 539 lines, SystemVerilog_2012] ...
Loading (6) D:\EDA\dvt_eclipse\predefined_projects\libs\uvm-1.2\src\macros\uvm_phase_defines.svh ...
Done D:\EDA\dvt_eclipse\predefined_projects\libs\uvm-1.2\src\macros\uvm_phase_defines.svh [0 ms, 130 lines, SystemVerilog_2012] ...
Loading (7) D:\EDA\dvt_eclipse\predefined_projects\libs\uvm-1.2\src\macros\uvm_object_defines.svh ...
Done D:\EDA\dvt_eclipse\predefined_projects\libs\uvm-1.2\src\macros\uvm_object_defines.svh [0 ms, 3815 lines, SystemVerilog_2012] ...
Loading (8) D:\EDA\dvt_eclipse\predefined_projects\libs\uvm-1.2\src\macros\uvm_printer_defines.svh ...
Done D:\EDA\dvt_eclipse\predefined_projects\libs\uvm-1.2\src\macros\uvm_printer_defines.svh [0 ms, 423 lines, SystemVerilog_2012] ...
Loading (9) D:\EDA\dvt_eclipse\predefined_projects\libs\uvm-1.2\src\macros\uvm_tlm_defines.svh ...
Loading (10) D:\EDA\dvt_eclipse\predefined_projects\libs\uvm-1.2\src\tlm1\uvm_tlm_imps.svh ...
Done D:\EDA\dvt_eclipse\predefined_projects\libs\uvm-1.2\src\tlm1\uvm_tlm_imps.svh [0 ms, 229 lines, SystemVerilog_2012] ...
Done D:\EDA\dvt_eclipse\predefined_projects\libs\uvm-1.2\src\macros\uvm_tlm_defines.svh [0 ms, 617 lines, SystemVerilog_2012] ...
Loading (11) D:\EDA\dvt_eclipse\predefined_projects\libs\uvm-1.2\src\macros\uvm_sequence_defines.svh ...
Done D:\EDA\dvt_eclipse\predefined_projects\libs\uvm-1.2\src\macros\uvm_sequence_defines.svh [0 ms, 456 lines, SystemVerilog_2012] ...
Loading (12) D:\EDA\dvt_eclipse\predefined_projects\libs\uvm-1.2\src\macros\uvm_callback_defines.svh ...
Done D:\EDA\dvt_eclipse\predefined_projects\libs\uvm-1.2\src\macros\uvm_callback_defines.svh [0 ms, 301 lines, SystemVerilog_2012] ...
Loading (13) D:\EDA\dvt_eclipse\predefined_projects\libs\uvm-1.2\src\macros\uvm_reg_defines.svh ...
Done D:\EDA\dvt_eclipse\predefined_projects\libs\uvm-1.2\src\macros\uvm_reg_defines.svh [0 ms, 69 lines, SystemVerilog_2012] ...
Loading (14) D:\EDA\dvt_eclipse\predefined_projects\libs\uvm-1.2\src\macros\uvm_deprecated_defines.svh ...
Done D:\EDA\dvt_eclipse\predefined_projects\libs\uvm-1.2\src\macros\uvm_deprecated_defines.svh [0 ms, 252 lines, SystemVerilog_2012] ...
Done D:\EDA\dvt_eclipse\predefined_projects\libs\uvm-1.2\src\uvm_macros.svh [0 ms, 82 lines, SystemVerilog_2012] ...
Loading (15) D:\EDA\dvt_eclipse\predefined_projects\libs\uvm-1.2\src\dpi\uvm_dpi.svh ...
Loading (16) D:\EDA\dvt_eclipse\predefined_projects\libs\uvm-1.2\src\dpi\uvm_hdl.svh ...
Done D:\EDA\dvt_eclipse\predefined_projects\libs\uvm-1.2\src\dpi\uvm_hdl.svh [1 ms, 164 lines, SystemVerilog_2012] ...
Loading (17) D:\EDA\dvt_eclipse\predefined_projects\libs\uvm-1.2\src\dpi\uvm_svcmd_dpi.svh ...
Done D:\EDA\dvt_eclipse\predefined_projects\libs\uvm-1.2\src\dpi\uvm_svcmd_dpi.svh [0 ms, 66 lines, SystemVerilog_2012] ...
Loading (18) D:\EDA\dvt_eclipse\predefined_projects\libs\uvm-1.2\src\dpi\uvm_regex.svh ...
Done D:\EDA\dvt_eclipse\predefined_projects\libs\uvm-1.2\src\dpi\uvm_regex.svh [0 ms, 89 lines, SystemVerilog_2012] ...
Done D:\EDA\dvt_eclipse\predefined_projects\libs\uvm-1.2\src\dpi\uvm_dpi.svh [0 ms, 44 lines, SystemVerilog_2012] ...
Loading (19) D:\EDA\dvt_eclipse\predefined_projects\libs\uvm-1.2\src\base\uvm_base.svh ...
Loading (20) D:\EDA\dvt_eclipse\predefined_projects\libs\uvm-1.2\src\base\uvm_coreservice.svh ...
Done D:\EDA\dvt_eclipse\predefined_projects\libs\uvm-1.2\src\base\uvm_coreservice.svh [0 ms, 224 lines, SystemVerilog_2012] ...
Loading (21) D:\EDA\dvt_eclipse\predefined_projects\libs\uvm-1.2\src\base\uvm_version.svh ...
Done D:\EDA\dvt_eclipse\predefined_projects\libs\uvm-1.2\src\base\uvm_version.svh [0 ms, 39 lines, SystemVerilog_2012] ...
Loading (22) D:\EDA\dvt_eclipse\predefined_projects\libs\uvm-1.2\src\base\uvm_object_globals.svh ...
Done D:\EDA\dvt_eclipse\predefined_projects\libs\uvm-1.2\src\base\uvm_object_globals.svh [1 ms, 658 lines, SystemVerilog_2012] ...
Loading (23) D:\EDA\dvt_eclipse\predefined_projects\libs\uvm-1.2\src\base\uvm_misc.svh ...
Done D:\EDA\dvt_eclipse\predefined_projects\libs\uvm-1.2\src\base\uvm_misc.svh [4 ms, 754 lines, SystemVerilog_2012] ...
Loading (24) D:\EDA\dvt_eclipse\predefined_projects\libs\uvm-1.2\src\base\uvm_object.svh ...
Done D:\EDA\dvt_eclipse\predefined_projects\libs\uvm-1.2\src\base\uvm_object.svh [2 ms, 1331 lines, SystemVerilog_2012] ...
Loading (25) D:\EDA\dvt_eclipse\predefined_projects\libs\uvm-1.2\src\base\uvm_pool.svh ...
Done D:\EDA\dvt_eclipse\predefined_projects\libs\uvm-1.2\src\base\uvm_pool.svh [1 ms, 348 lines, SystemVerilog_2012] ...
Loading (26) D:\EDA\dvt_eclipse\predefined_projects\libs\uvm-1.2\src\base\uvm_queue.svh ...
Done D:\EDA\dvt_eclipse\predefined_projects\libs\uvm-1.2\src\base\uvm_queue.svh [1 ms, 204 lines, SystemVerilog_2012] ...
Loading (27) D:\EDA\dvt_eclipse\predefined_projects\libs\uvm-1.2\src\base\uvm_factory.svh ...
Done D:\EDA\dvt_eclipse\predefined_projects\libs\uvm-1.2\src\base\uvm_factory.svh [5 ms, 1790 lines, SystemVerilog_2012] ...
Loading (28) D:\EDA\dvt_eclipse\predefined_projects\libs\uvm-1.2\src\base\uvm_registry.svh ...
Done D:\EDA\dvt_eclipse\predefined_projects\libs\uvm-1.2\src\base\uvm_registry.svh [1 ms, 381 lines, SystemVerilog_2012] ...
Loading (29) D:\EDA\dvt_eclipse\predefined_projects\libs\uvm-1.2\src\base\uvm_spell_chkr.svh ...
Done D:\EDA\dvt_eclipse\predefined_projects\libs\uvm-1.2\src\base\uvm_spell_chkr.svh [0 ms, 204 lines, SystemVerilog_2012] ...
Loading (30) D:\EDA\dvt_eclipse\predefined_projects\libs\uvm-1.2\src\base\uvm_resource.svh ...
Done D:\EDA\dvt_eclipse\predefined_projects\libs\uvm-1.2\src\base\uvm_resource.svh [4 ms, 1695 lines, SystemVerilog_2012] ...
Loading (31) D:\EDA\dvt_eclipse\predefined_projects\libs\uvm-1.2\src\base\uvm_resource_specializations.svh ...
Done D:\EDA\dvt_eclipse\predefined_projects\libs\uvm-1.2\src\base\uvm_resource_specializations.svh [1 ms, 171 lines, SystemVerilog_2012] ...
Loading (32) D:\EDA\dvt_eclipse\predefined_projects\libs\uvm-1.2\src\base\uvm_resource_db.svh ...
Done D:\EDA\dvt_eclipse\predefined_projects\libs\uvm-1.2\src\base\uvm_resource_db.svh [2 ms, 400 lines, SystemVerilog_2012] ...
Loading (33) D:\EDA\dvt_eclipse\predefined_projects\libs\uvm-1.2\src\base\uvm_config_db.svh ...
Done D:\EDA\dvt_eclipse\predefined_projects\libs\uvm-1.2\src\base\uvm_config_db.svh [0 ms, 411 lines, SystemVerilog_2012] ...
Loading (34) D:\EDA\dvt_eclipse\predefined_projects\libs\uvm-1.2\src\base\uvm_printer.svh ...
Done D:\EDA\dvt_eclipse\predefined_projects\libs\uvm-1.2\src\base\uvm_printer.svh [4 ms, 1232 lines, SystemVerilog_2012] ...
Loading (35) D:\EDA\dvt_eclipse\predefined_projects\libs\uvm-1.2\src\base\uvm_comparer.svh ...
Done D:\EDA\dvt_eclipse\predefined_projects\libs\uvm-1.2\src\base\uvm_comparer.svh [1 ms, 423 lines, SystemVerilog_2012] ...
Loading (36) D:\EDA\dvt_eclipse\predefined_projects\libs\uvm-1.2\src\base\uvm_packer.svh ...
Done D:\EDA\dvt_eclipse\predefined_projects\libs\uvm-1.2\src\base\uvm_packer.svh [3 ms, 1038 lines, SystemVerilog_2012] ...
Loading (37) D:\EDA\dvt_eclipse\predefined_projects\libs\uvm-1.2\src\base\uvm_links.svh ...
Done D:\EDA\dvt_eclipse\predefined_projects\libs\uvm-1.2\src\base\uvm_links.svh [2 ms, 371 lines, SystemVerilog_2012] ...
Loading (38) D:\EDA\dvt_eclipse\predefined_projects\libs\uvm-1.2\src\base\uvm_tr_database.svh ...
Done D:\EDA\dvt_eclipse\predefined_projects\libs\uvm-1.2\src\base\uvm_tr_database.svh [1 ms, 433 lines, SystemVerilog_2012] ...
Loading (39) D:\EDA\dvt_eclipse\predefined_projects\libs\uvm-1.2\src\base\uvm_tr_stream.svh ...
Done D:\EDA\dvt_eclipse\predefined_projects\libs\uvm-1.2\src\base\uvm_tr_stream.svh [2 ms, 592 lines, SystemVerilog_2012] ...
Loading (40) D:\EDA\dvt_eclipse\predefined_projects\libs\uvm-1.2\src\base\uvm_recorder.svh ...
Done D:\EDA\dvt_eclipse\predefined_projects\libs\uvm-1.2\src\base\uvm_recorder.svh [2 ms, 1141 lines, SystemVerilog_2012] ...
Loading (41) D:\EDA\dvt_eclipse\predefined_projects\libs\uvm-1.2\src\base\uvm_event_callback.svh ...
Done D:\EDA\dvt_eclipse\predefined_projects\libs\uvm-1.2\src\base\uvm_event_callback.svh [1 ms, 91 lines, SystemVerilog_2012] ...
Loading (42) D:\EDA\dvt_eclipse\predefined_projects\libs\uvm-1.2\src\base\uvm_event.svh ...
Done D:\EDA\dvt_eclipse\predefined_projects\libs\uvm-1.2\src\base\uvm_event.svh [1 ms, 395 lines, SystemVerilog_2012] ...
Loading (43) D:\EDA\dvt_eclipse\predefined_projects\libs\uvm-1.2\src\base\uvm_barrier.svh ...
Done D:\EDA\dvt_eclipse\predefined_projects\libs\uvm-1.2\src\base\uvm_barrier.svh [0 ms, 210 lines, SystemVerilog_2012] ...
Loading (44) D:\EDA\dvt_eclipse\predefined_projects\libs\uvm-1.2\src\base\uvm_callback.svh ...
Loading (45) D:\EDA\dvt_eclipse\predefined_projects\libs\uvm-1.2\src\uvm_macros.svh ...
Done D:\EDA\dvt_eclipse\predefined_projects\libs\uvm-1.2\src\uvm_macros.svh [0 ms, 82 lines, SystemVerilog_2012] ...
Done D:\EDA\dvt_eclipse\predefined_projects\libs\uvm-1.2\src\base\uvm_callback.svh [5 ms, 1199 lines, SystemVerilog_2012] ...
Loading (46) D:\EDA\dvt_eclipse\predefined_projects\libs\uvm-1.2\src\base\uvm_report_message.svh ...
Done D:\EDA\dvt_eclipse\predefined_projects\libs\uvm-1.2\src\base\uvm_report_message.svh [2 ms, 940 lines, SystemVerilog_2012] ...
Loading (47) D:\EDA\dvt_eclipse\predefined_projects\libs\uvm-1.2\src\base\uvm_report_catcher.svh ...
Done D:\EDA\dvt_eclipse\predefined_projects\libs\uvm-1.2\src\base\uvm_report_catcher.svh [3 ms, 713 lines, SystemVerilog_2012] ...
Loading (48) D:\EDA\dvt_eclipse\predefined_projects\libs\uvm-1.2\src\base\uvm_report_server.svh ...
Done D:\EDA\dvt_eclipse\predefined_projects\libs\uvm-1.2\src\base\uvm_report_server.svh [3 ms, 923 lines, SystemVerilog_2012] ...
Loading (49) D:\EDA\dvt_eclipse\predefined_projects\libs\uvm-1.2\src\base\uvm_report_handler.svh ...
Done D:\EDA\dvt_eclipse\predefined_projects\libs\uvm-1.2\src\base\uvm_report_handler.svh [3 ms, 801 lines, SystemVerilog_2012] ...
Loading (50) D:\EDA\dvt_eclipse\predefined_projects\libs\uvm-1.2\src\base\uvm_report_object.svh ...
Done D:\EDA\dvt_eclipse\predefined_projects\libs\uvm-1.2\src\base\uvm_report_object.svh [1 ms, 660 lines, SystemVerilog_2012] ...
Loading (51) D:\EDA\dvt_eclipse\predefined_projects\libs\uvm-1.2\src\base\uvm_transaction.svh ...
Done D:\EDA\dvt_eclipse\predefined_projects\libs\uvm-1.2\src\base\uvm_transaction.svh [28 ms, 781 lines, SystemVerilog_2012] ...
Loading (52) D:\EDA\dvt_eclipse\predefined_projects\libs\uvm-1.2\src\base\uvm_phase.svh ...
Done D:\EDA\dvt_eclipse\predefined_projects\libs\uvm-1.2\src\base\uvm_phase.svh [10 ms, 2254 lines, SystemVerilog_2012] ...
Loading (53) D:\EDA\dvt_eclipse\predefined_projects\libs\uvm-1.2\src\base\uvm_domain.svh ...
Done D:\EDA\dvt_eclipse\predefined_projects\libs\uvm-1.2\src\base\uvm_domain.svh [1 ms, 219 lines, SystemVerilog_2012] ...
Loading (54) D:\EDA\dvt_eclipse\predefined_projects\libs\uvm-1.2\src\base\uvm_bottomup_phase.svh ...
Done D:\EDA\dvt_eclipse\predefined_projects\libs\uvm-1.2\src\base\uvm_bottomup_phase.svh [0 ms, 113 lines, SystemVerilog_2012] ...
Loading (55) D:\EDA\dvt_eclipse\predefined_projects\libs\uvm-1.2\src\base\uvm_topdown_phase.svh ...
Done D:\EDA\dvt_eclipse\predefined_projects\libs\uvm-1.2\src\base\uvm_topdown_phase.svh [1 ms, 115 lines, SystemVerilog_2012] ...
Loading (56) D:\EDA\dvt_eclipse\predefined_projects\libs\uvm-1.2\src\base\uvm_task_phase.svh ...
Done D:\EDA\dvt_eclipse\predefined_projects\libs\uvm-1.2\src\base\uvm_task_phase.svh [0 ms, 162 lines, SystemVerilog_2012] ...
Loading (57) D:\EDA\dvt_eclipse\predefined_projects\libs\uvm-1.2\src\base\uvm_common_phases.svh ...
Done D:\EDA\dvt_eclipse\predefined_projects\libs\uvm-1.2\src\base\uvm_common_phases.svh [1 ms, 452 lines, SystemVerilog_2012] ...
Loading (58) D:\EDA\dvt_eclipse\predefined_projects\libs\uvm-1.2\src\base\uvm_runtime_phases.svh ...
Done D:\EDA\dvt_eclipse\predefined_projects\libs\uvm-1.2\src\base\uvm_runtime_phases.svh [2 ms, 556 lines, SystemVerilog_2012] ...
Loading (59) D:\EDA\dvt_eclipse\predefined_projects\libs\uvm-1.2\src\base\uvm_component.svh ...
Loading (60) D:\EDA\dvt_eclipse\predefined_projects\libs\uvm-1.2\src\base\uvm_root.svh ...
Done D:\EDA\dvt_eclipse\predefined_projects\libs\uvm-1.2\src\base\uvm_root.svh [6 ms, 1073 lines, SystemVerilog_2012] ...
Done D:\EDA\dvt_eclipse\predefined_projects\libs\uvm-1.2\src\base\uvm_component.svh [8 ms, 3639 lines, SystemVerilog_2012] ...
Loading (61) D:\EDA\dvt_eclipse\predefined_projects\libs\uvm-1.2\src\base\uvm_objection.svh ...
Done D:\EDA\dvt_eclipse\predefined_projects\libs\uvm-1.2\src\base\uvm_objection.svh [5 ms, 1454 lines, SystemVerilog_2012] ...
Loading (62) D:\EDA\dvt_eclipse\predefined_projects\libs\uvm-1.2\src\base\uvm_heartbeat.svh ...
Done D:\EDA\dvt_eclipse\predefined_projects\libs\uvm-1.2\src\base\uvm_heartbeat.svh [1 ms, 342 lines, SystemVerilog_2012] ...
Loading (63) D:\EDA\dvt_eclipse\predefined_projects\libs\uvm-1.2\src\base\uvm_globals.svh ...
Done D:\EDA\dvt_eclipse\predefined_projects\libs\uvm-1.2\src\base\uvm_globals.svh [1 ms, 565 lines, SystemVerilog_2012] ...
Loading (64) D:\EDA\dvt_eclipse\predefined_projects\libs\uvm-1.2\src\base\uvm_cmdline_processor.svh ...
Done D:\EDA\dvt_eclipse\predefined_projects\libs\uvm-1.2\src\base\uvm_cmdline_processor.svh [1 ms, 462 lines, SystemVerilog_2012] ...
Loading (65) D:\EDA\dvt_eclipse\predefined_projects\libs\uvm-1.2\src\base\uvm_traversal.svh ...
Done D:\EDA\dvt_eclipse\predefined_projects\libs\uvm-1.2\src\base\uvm_traversal.svh [1 ms, 289 lines, SystemVerilog_2012] ...
Done D:\EDA\dvt_eclipse\predefined_projects\libs\uvm-1.2\src\base\uvm_base.svh [0 ms, 113 lines, SystemVerilog_2012] ...
Loading (66) D:\EDA\dvt_eclipse\predefined_projects\libs\uvm-1.2\src\dap\uvm_dap.svh ...
Loading (67) D:\EDA\dvt_eclipse\predefined_projects\libs\uvm-1.2\src\dap\uvm_set_get_dap_base.svh ...
Done D:\EDA\dvt_eclipse\predefined_projects\libs\uvm-1.2\src\dap\uvm_set_get_dap_base.svh [0 ms, 84 lines, SystemVerilog_2012] ...
Loading (68) D:\EDA\dvt_eclipse\predefined_projects\libs\uvm-1.2\src\dap\uvm_simple_lock_dap.svh ...
Done D:\EDA\dvt_eclipse\predefined_projects\libs\uvm-1.2\src\dap\uvm_simple_lock_dap.svh [1 ms, 179 lines, SystemVerilog_2012] ...
Loading (69) D:\EDA\dvt_eclipse\predefined_projects\libs\uvm-1.2\src\dap\uvm_get_to_lock_dap.svh ...
Done D:\EDA\dvt_eclipse\predefined_projects\libs\uvm-1.2\src\dap\uvm_get_to_lock_dap.svh [1 ms, 155 lines, SystemVerilog_2012] ...
Loading (70) D:\EDA\dvt_eclipse\predefined_projects\libs\uvm-1.2\src\dap\uvm_set_before_get_dap.svh ...
Done D:\EDA\dvt_eclipse\predefined_projects\libs\uvm-1.2\src\dap\uvm_set_before_get_dap.svh [0 ms, 185 lines, SystemVerilog_2012] ...
Done D:\EDA\dvt_eclipse\predefined_projects\libs\uvm-1.2\src\dap\uvm_dap.svh [0 ms, 35 lines, SystemVerilog_2012] ...
Loading (71) D:\EDA\dvt_eclipse\predefined_projects\libs\uvm-1.2\src\tlm1\uvm_tlm.svh ...
Loading (72) D:\EDA\dvt_eclipse\predefined_projects\libs\uvm-1.2\src\tlm1\uvm_tlm_ifs.svh ...
Done D:\EDA\dvt_eclipse\predefined_projects\libs\uvm-1.2\src\tlm1\uvm_tlm_ifs.svh [1 ms, 219 lines, SystemVerilog_2012] ...
Loading (73) D:\EDA\dvt_eclipse\predefined_projects\libs\uvm-1.2\src\tlm1\uvm_sqr_ifs.svh ...
Done D:\EDA\dvt_eclipse\predefined_projects\libs\uvm-1.2\src\tlm1\uvm_sqr_ifs.svh [0 ms, 253 lines, SystemVerilog_2012] ...
Loading (74) D:\EDA\dvt_eclipse\predefined_projects\libs\uvm-1.2\src\base\uvm_port_base.svh ...
Done D:\EDA\dvt_eclipse\predefined_projects\libs\uvm-1.2\src\base\uvm_port_base.svh [2 ms, 793 lines, SystemVerilog_2012] ...
Loading (75) D:\EDA\dvt_eclipse\predefined_projects\libs\uvm-1.2\src\tlm1\uvm_tlm_imps.svh ...
Done D:\EDA\dvt_eclipse\predefined_projects\libs\uvm-1.2\src\tlm1\uvm_tlm_imps.svh [0 ms, 229 lines, SystemVerilog_2012] ...
Loading (76) D:\EDA\dvt_eclipse\predefined_projects\libs\uvm-1.2\src\tlm1\uvm_imps.svh ...
Done D:\EDA\dvt_eclipse\predefined_projects\libs\uvm-1.2\src\tlm1\uvm_imps.svh [4 ms, 317 lines, SystemVerilog_2012] ...
Loading (77) D:\EDA\dvt_eclipse\predefined_projects\libs\uvm-1.2\src\tlm1\uvm_ports.svh ...
Done D:\EDA\dvt_eclipse\predefined_projects\libs\uvm-1.2\src\tlm1\uvm_ports.svh [2 ms, 263 lines, SystemVerilog_2012] ...
Loading (78) D:\EDA\dvt_eclipse\predefined_projects\libs\uvm-1.2\src\tlm1\uvm_exports.svh ...
Done D:\EDA\dvt_eclipse\predefined_projects\libs\uvm-1.2\src\tlm1\uvm_exports.svh [2 ms, 260 lines, SystemVerilog_2012] ...
Loading (79) D:\EDA\dvt_eclipse\predefined_projects\libs\uvm-1.2\src\tlm1\uvm_analysis_port.svh ...
Done D:\EDA\dvt_eclipse\predefined_projects\libs\uvm-1.2\src\tlm1\uvm_analysis_port.svh [1 ms, 156 lines, SystemVerilog_2012] ...
Loading (80) D:\EDA\dvt_eclipse\predefined_projects\libs\uvm-1.2\src\tlm1\uvm_tlm_fifo_base.svh ...
Done D:\EDA\dvt_eclipse\predefined_projects\libs\uvm-1.2\src\tlm1\uvm_tlm_fifo_base.svh [0 ms, 253 lines, SystemVerilog_2012] ...
Loading (81) D:\EDA\dvt_eclipse\predefined_projects\libs\uvm-1.2\src\tlm1\uvm_tlm_fifos.svh ...
Done D:\EDA\dvt_eclipse\predefined_projects\libs\uvm-1.2\src\tlm1\uvm_tlm_fifos.svh [1 ms, 239 lines, SystemVerilog_2012] ...
Loading (82) D:\EDA\dvt_eclipse\predefined_projects\libs\uvm-1.2\src\tlm1\uvm_tlm_req_rsp.svh ...
Done D:\EDA\dvt_eclipse\predefined_projects\libs\uvm-1.2\src\tlm1\uvm_tlm_req_rsp.svh [0 ms, 349 lines, SystemVerilog_2012] ...
Loading (83) D:\EDA\dvt_eclipse\predefined_projects\libs\uvm-1.2\src\tlm1\uvm_sqr_connections.svh ...
Done D:\EDA\dvt_eclipse\predefined_projects\libs\uvm-1.2\src\tlm1\uvm_sqr_connections.svh [33 ms, 84 lines, SystemVerilog_2012] ...
Done D:\EDA\dvt_eclipse\predefined_projects\libs\uvm-1.2\src\tlm1\uvm_tlm.svh [0 ms, 40 lines, SystemVerilog_2012] ...
Loading (84) D:\EDA\dvt_eclipse\predefined_projects\libs\uvm-1.2\src\comps\uvm_comps.svh ...
Loading (85) D:\EDA\dvt_eclipse\predefined_projects\libs\uvm-1.2\src\comps\uvm_pair.svh ...
Done D:\EDA\dvt_eclipse\predefined_projects\libs\uvm-1.2\src\comps\uvm_pair.svh [1 ms, 171 lines, SystemVerilog_2012] ...
Loading (86) D:\EDA\dvt_eclipse\predefined_projects\libs\uvm-1.2\src\comps\uvm_policies.svh ...
Done D:\EDA\dvt_eclipse\predefined_projects\libs\uvm-1.2\src\comps\uvm_policies.svh [0 ms, 142 lines, SystemVerilog_2012] ...
Loading (87) D:\EDA\dvt_eclipse\predefined_projects\libs\uvm-1.2\src\comps\uvm_in_order_comparator.svh ...
Done D:\EDA\dvt_eclipse\predefined_projects\libs\uvm-1.2\src\comps\uvm_in_order_comparator.svh [1 ms, 260 lines, SystemVerilog_2012] ...
Loading (88) D:\EDA\dvt_eclipse\predefined_projects\libs\uvm-1.2\src\comps\uvm_algorithmic_comparator.svh ...
Done D:\EDA\dvt_eclipse\predefined_projects\libs\uvm-1.2\src\comps\uvm_algorithmic_comparator.svh [0 ms, 135 lines, SystemVerilog_2012] ...
Loading (89) D:\EDA\dvt_eclipse\predefined_projects\libs\uvm-1.2\src\comps\uvm_random_stimulus.svh ...
Done D:\EDA\dvt_eclipse\predefined_projects\libs\uvm-1.2\src\comps\uvm_random_stimulus.svh [1 ms, 132 lines, SystemVerilog_2012] ...
Loading (90) D:\EDA\dvt_eclipse\predefined_projects\libs\uvm-1.2\src\comps\uvm_subscriber.svh ...
Done D:\EDA\dvt_eclipse\predefined_projects\libs\uvm-1.2\src\comps\uvm_subscriber.svh [0 ms, 68 lines, SystemVerilog_2012] ...
Loading (91) D:\EDA\dvt_eclipse\predefined_projects\libs\uvm-1.2\src\comps\uvm_monitor.svh ...
Done D:\EDA\dvt_eclipse\predefined_projects\libs\uvm-1.2\src\comps\uvm_monitor.svh [0 ms, 54 lines, SystemVerilog_2012] ...
Loading (92) D:\EDA\dvt_eclipse\predefined_projects\libs\uvm-1.2\src\comps\uvm_driver.svh ...
Done D:\EDA\dvt_eclipse\predefined_projects\libs\uvm-1.2\src\comps\uvm_driver.svh [0 ms, 89 lines, SystemVerilog_2012] ...
Loading (93) D:\EDA\dvt_eclipse\predefined_projects\libs\uvm-1.2\src\comps\uvm_push_driver.svh ...
Done D:\EDA\dvt_eclipse\predefined_projects\libs\uvm-1.2\src\comps\uvm_push_driver.svh [0 ms, 97 lines, SystemVerilog_2012] ...
Loading (94) D:\EDA\dvt_eclipse\predefined_projects\libs\uvm-1.2\src\comps\uvm_scoreboard.svh ...
Done D:\EDA\dvt_eclipse\predefined_projects\libs\uvm-1.2\src\comps\uvm_scoreboard.svh [0 ms, 56 lines, SystemVerilog_2012] ...
Loading (95) D:\EDA\dvt_eclipse\predefined_projects\libs\uvm-1.2\src\comps\uvm_agent.svh ...
Done D:\EDA\dvt_eclipse\predefined_projects\libs\uvm-1.2\src\comps\uvm_agent.svh [1 ms, 136 lines, SystemVerilog_2012] ...
Loading (96) D:\EDA\dvt_eclipse\predefined_projects\libs\uvm-1.2\src\comps\uvm_env.svh ...
Done D:\EDA\dvt_eclipse\predefined_projects\libs\uvm-1.2\src\comps\uvm_env.svh [0 ms, 54 lines, SystemVerilog_2012] ...
Loading (97) D:\EDA\dvt_eclipse\predefined_projects\libs\uvm-1.2\src\comps\uvm_test.svh ...
Done D:\EDA\dvt_eclipse\predefined_projects\libs\uvm-1.2\src\comps\uvm_test.svh [0 ms, 82 lines, SystemVerilog_2012] ...
Done D:\EDA\dvt_eclipse\predefined_projects\libs\uvm-1.2\src\comps\uvm_comps.svh [0 ms, 37 lines, SystemVerilog_2012] ...
Loading (98) D:\EDA\dvt_eclipse\predefined_projects\libs\uvm-1.2\src\seq\uvm_seq.svh ...
Loading (99) D:\EDA\dvt_eclipse\predefined_projects\libs\uvm-1.2\src\seq\uvm_sequence_item.svh ...
Done D:\EDA\dvt_eclipse\predefined_projects\libs\uvm-1.2\src\seq\uvm_sequence_item.svh [1 ms, 498 lines, SystemVerilog_2012] ...
Loading (100) D:\EDA\dvt_eclipse\predefined_projects\libs\uvm-1.2\src\seq\uvm_sequencer_base.svh ...
Done D:\EDA\dvt_eclipse\predefined_projects\libs\uvm-1.2\src\seq\uvm_sequencer_base.svh [6 ms, 1775 lines, SystemVerilog_2012] ...
Loading (101) D:\EDA\dvt_eclipse\predefined_projects\libs\uvm-1.2\src\seq\uvm_sequencer_analysis_fifo.svh ...
Done D:\EDA\dvt_eclipse\predefined_projects\libs\uvm-1.2\src\seq\uvm_sequencer_analysis_fifo.svh [1 ms, 39 lines, SystemVerilog_2012] ...
Loading (102) D:\EDA\dvt_eclipse\predefined_projects\libs\uvm-1.2\src\seq\uvm_sequencer_param_base.svh ...
Done D:\EDA\dvt_eclipse\predefined_projects\libs\uvm-1.2\src\seq\uvm_sequencer_param_base.svh [1 ms, 460 lines, SystemVerilog_2012] ...
Loading (103) D:\EDA\dvt_eclipse\predefined_projects\libs\uvm-1.2\src\seq\uvm_sequencer.svh ...
Done D:\EDA\dvt_eclipse\predefined_projects\libs\uvm-1.2\src\seq\uvm_sequencer.svh [0 ms, 347 lines, SystemVerilog_2012] ...
Loading (104) D:\EDA\dvt_eclipse\predefined_projects\libs\uvm-1.2\src\seq\uvm_push_sequencer.svh ...
Done D:\EDA\dvt_eclipse\predefined_projects\libs\uvm-1.2\src\seq\uvm_push_sequencer.svh [1 ms, 85 lines, SystemVerilog_2012] ...
Loading (105) D:\EDA\dvt_eclipse\predefined_projects\libs\uvm-1.2\src\seq\uvm_sequence_base.svh ...
Done D:\EDA\dvt_eclipse\predefined_projects\libs\uvm-1.2\src\seq\uvm_sequence_base.svh [3 ms, 1405 lines, SystemVerilog_2012] ...
Loading (106) D:\EDA\dvt_eclipse\predefined_projects\libs\uvm-1.2\src\seq\uvm_sequence.svh ...
Done D:\EDA\dvt_eclipse\predefined_projects\libs\uvm-1.2\src\seq\uvm_sequence.svh [1 ms, 148 lines, SystemVerilog_2012] ...
Loading (107) D:\EDA\dvt_eclipse\predefined_projects\libs\uvm-1.2\src\seq\uvm_sequence_library.svh ...
Done D:\EDA\dvt_eclipse\predefined_projects\libs\uvm-1.2\src\seq\uvm_sequence_library.svh [3 ms, 813 lines, SystemVerilog_2012] ...
Loading (108) D:\EDA\dvt_eclipse\predefined_projects\libs\uvm-1.2\src\seq\uvm_sequence_builtin.svh ...
Done D:\EDA\dvt_eclipse\predefined_projects\libs\uvm-1.2\src\seq\uvm_sequence_builtin.svh [2 ms, 301 lines, SystemVerilog_2012] ...
Done D:\EDA\dvt_eclipse\predefined_projects\libs\uvm-1.2\src\seq\uvm_seq.svh [0 ms, 40 lines, SystemVerilog_2012] ...
Loading (109) D:\EDA\dvt_eclipse\predefined_projects\libs\uvm-1.2\src\tlm2\uvm_tlm2.svh ...
Loading (110) D:\EDA\dvt_eclipse\predefined_projects\libs\uvm-1.2\src\tlm2\uvm_tlm2_defines.svh ...
Done D:\EDA\dvt_eclipse\predefined_projects\libs\uvm-1.2\src\tlm2\uvm_tlm2_defines.svh [0 ms, 45 lines, SystemVerilog_2012] ...
Loading (111) D:\EDA\dvt_eclipse\predefined_projects\libs\uvm-1.2\src\tlm2\uvm_tlm2_time.svh ...
Done D:\EDA\dvt_eclipse\predefined_projects\libs\uvm-1.2\src\tlm2\uvm_tlm2_time.svh [0 ms, 333 lines, SystemVerilog_2012] ...
Loading (112) D:\EDA\dvt_eclipse\predefined_projects\libs\uvm-1.2\src\tlm2\uvm_tlm2_generic_payload.svh ...
Done D:\EDA\dvt_eclipse\predefined_projects\libs\uvm-1.2\src\tlm2\uvm_tlm2_generic_payload.svh [4 ms, 1053 lines, SystemVerilog_2012] ...
Loading (113) D:\EDA\dvt_eclipse\predefined_projects\libs\uvm-1.2\src\tlm2\uvm_tlm2_ifs.svh ...
Done D:\EDA\dvt_eclipse\predefined_projects\libs\uvm-1.2\src\tlm2\uvm_tlm2_ifs.svh [0 ms, 178 lines, SystemVerilog_2012] ...
Loading (114) D:\EDA\dvt_eclipse\predefined_projects\libs\uvm-1.2\src\tlm2\uvm_tlm2_imps.svh ...
Done D:\EDA\dvt_eclipse\predefined_projects\libs\uvm-1.2\src\tlm2\uvm_tlm2_imps.svh [1 ms, 203 lines, SystemVerilog_2012] ...
Loading (115) D:\EDA\dvt_eclipse\predefined_projects\libs\uvm-1.2\src\tlm2\uvm_tlm2_ports.svh ...
Done D:\EDA\dvt_eclipse\predefined_projects\libs\uvm-1.2\src\tlm2\uvm_tlm2_ports.svh [0 ms, 75 lines, SystemVerilog_2012] ...
Loading (116) D:\EDA\dvt_eclipse\predefined_projects\libs\uvm-1.2\src\tlm2\uvm_tlm2_exports.svh ...
Done D:\EDA\dvt_eclipse\predefined_projects\libs\uvm-1.2\src\tlm2\uvm_tlm2_exports.svh [1 ms, 65 lines, SystemVerilog_2012] ...
Loading (117) D:\EDA\dvt_eclipse\predefined_projects\libs\uvm-1.2\src\tlm2\uvm_tlm2_sockets_base.svh ...
Done D:\EDA\dvt_eclipse\predefined_projects\libs\uvm-1.2\src\tlm2\uvm_tlm2_sockets_base.svh [1 ms, 195 lines, SystemVerilog_2012] ...
Loading (118) D:\EDA\dvt_eclipse\predefined_projects\libs\uvm-1.2\src\tlm2\uvm_tlm2_sockets.svh ...
Done D:\EDA\dvt_eclipse\predefined_projects\libs\uvm-1.2\src\tlm2\uvm_tlm2_sockets.svh [2 ms, 435 lines, SystemVerilog_2012] ...
Done D:\EDA\dvt_eclipse\predefined_projects\libs\uvm-1.2\src\tlm2\uvm_tlm2.svh [0 ms, 30 lines, SystemVerilog_2012] ...
Loading (119) D:\EDA\dvt_eclipse\predefined_projects\libs\uvm-1.2\src\reg\uvm_reg_model.svh ...
Loading (120) D:\EDA\dvt_eclipse\predefined_projects\libs\uvm-1.2\src\reg\uvm_reg_item.svh ...
Done D:\EDA\dvt_eclipse\predefined_projects\libs\uvm-1.2\src\reg\uvm_reg_item.svh [2 ms, 316 lines, SystemVerilog_2012] ...
Loading (121) D:\EDA\dvt_eclipse\predefined_projects\libs\uvm-1.2\src\reg\uvm_reg_adapter.svh ...
Done D:\EDA\dvt_eclipse\predefined_projects\libs\uvm-1.2\src\reg\uvm_reg_adapter.svh [1 ms, 254 lines, SystemVerilog_2012] ...
Loading (122) D:\EDA\dvt_eclipse\predefined_projects\libs\uvm-1.2\src\reg\uvm_reg_predictor.svh ...
Done D:\EDA\dvt_eclipse\predefined_projects\libs\uvm-1.2\src\reg\uvm_reg_predictor.svh [1 ms, 265 lines, SystemVerilog_2012] ...
Loading (123) D:\EDA\dvt_eclipse\predefined_projects\libs\uvm-1.2\src\reg\uvm_reg_sequence.svh ...
Done D:\EDA\dvt_eclipse\predefined_projects\libs\uvm-1.2\src\reg\uvm_reg_sequence.svh [2 ms, 548 lines, SystemVerilog_2012] ...
Loading (124) D:\EDA\dvt_eclipse\predefined_projects\libs\uvm-1.2\src\reg\uvm_reg_cbs.svh ...
Done D:\EDA\dvt_eclipse\predefined_projects\libs\uvm-1.2\src\reg\uvm_reg_cbs.svh [2 ms, 530 lines, SystemVerilog_2012] ...
Loading (125) D:\EDA\dvt_eclipse\predefined_projects\libs\uvm-1.2\src\reg\uvm_reg_backdoor.svh ...
Done D:\EDA\dvt_eclipse\predefined_projects\libs\uvm-1.2\src\reg\uvm_reg_backdoor.svh [1 ms, 348 lines, SystemVerilog_2012] ...
Loading (126) D:\EDA\dvt_eclipse\predefined_projects\libs\uvm-1.2\src\reg\uvm_reg_field.svh ...
Done D:\EDA\dvt_eclipse\predefined_projects\libs\uvm-1.2\src\reg\uvm_reg_field.svh [6 ms, 2013 lines, SystemVerilog_2012] ...
Loading (127) D:\EDA\dvt_eclipse\predefined_projects\libs\uvm-1.2\src\reg\uvm_vreg_field.svh ...
Done D:\EDA\dvt_eclipse\predefined_projects\libs\uvm-1.2\src\reg\uvm_vreg_field.svh [21 ms, 1005 lines, SystemVerilog_2012] ...
Loading (128) D:\EDA\dvt_eclipse\predefined_projects\libs\uvm-1.2\src\reg\uvm_reg.svh ...
Done D:\EDA\dvt_eclipse\predefined_projects\libs\uvm-1.2\src\reg\uvm_reg.svh [10 ms, 3102 lines, SystemVerilog_2012] ...
Loading (129) D:\EDA\dvt_eclipse\predefined_projects\libs\uvm-1.2\src\reg\uvm_reg_indirect.svh ...
Done D:\EDA\dvt_eclipse\predefined_projects\libs\uvm-1.2\src\reg\uvm_reg_indirect.svh [2 ms, 330 lines, SystemVerilog_2012] ...
Loading (130) D:\EDA\dvt_eclipse\predefined_projects\libs\uvm-1.2\src\reg\uvm_reg_fifo.svh ...
Done D:\EDA\dvt_eclipse\predefined_projects\libs\uvm-1.2\src\reg\uvm_reg_fifo.svh [1 ms, 311 lines, SystemVerilog_2012] ...
Loading (131) D:\EDA\dvt_eclipse\predefined_projects\libs\uvm-1.2\src\reg\uvm_reg_file.svh ...
Done D:\EDA\dvt_eclipse\predefined_projects\libs\uvm-1.2\src\reg\uvm_reg_file.svh [1 ms, 501 lines, SystemVerilog_2012] ...
Loading (132) D:\EDA\dvt_eclipse\predefined_projects\libs\uvm-1.2\src\reg\uvm_mem_mam.svh ...
Done D:\EDA\dvt_eclipse\predefined_projects\libs\uvm-1.2\src\reg\uvm_mem_mam.svh [4 ms, 1019 lines, SystemVerilog_2012] ...
Loading (133) D:\EDA\dvt_eclipse\predefined_projects\libs\uvm-1.2\src\reg\uvm_vreg.svh ...
Done D:\EDA\dvt_eclipse\predefined_projects\libs\uvm-1.2\src\reg\uvm_vreg.svh [6 ms, 1554 lines, SystemVerilog_2012] ...
Loading (134) D:\EDA\dvt_eclipse\predefined_projects\libs\uvm-1.2\src\reg\uvm_mem.svh ...
Done D:\EDA\dvt_eclipse\predefined_projects\libs\uvm-1.2\src\reg\uvm_mem.svh [8 ms, 2410 lines, SystemVerilog_2012] ...
Loading (135) D:\EDA\dvt_eclipse\predefined_projects\libs\uvm-1.2\src\reg\uvm_reg_map.svh ...
Done D:\EDA\dvt_eclipse\predefined_projects\libs\uvm-1.2\src\reg\uvm_reg_map.svh [10 ms, 2225 lines, SystemVerilog_2012] ...
Loading (136) D:\EDA\dvt_eclipse\predefined_projects\libs\uvm-1.2\src\reg\uvm_reg_block.svh ...
Done D:\EDA\dvt_eclipse\predefined_projects\libs\uvm-1.2\src\reg\uvm_reg_block.svh [8 ms, 2272 lines, SystemVerilog_2012] ...
Loading (137) D:\EDA\dvt_eclipse\predefined_projects\libs\uvm-1.2\src\reg\sequences\uvm_reg_hw_reset_seq.svh ...
Done D:\EDA\dvt_eclipse\predefined_projects\libs\uvm-1.2\src\reg\sequences\uvm_reg_hw_reset_seq.svh [1 ms, 172 lines, SystemVerilog_2012] ...
Loading (138) D:\EDA\dvt_eclipse\predefined_projects\libs\uvm-1.2\src\reg\sequences\uvm_reg_bit_bash_seq.svh ...
Done D:\EDA\dvt_eclipse\predefined_projects\libs\uvm-1.2\src\reg\sequences\uvm_reg_bit_bash_seq.svh [1 ms, 303 lines, SystemVerilog_2012] ...
Loading (139) D:\EDA\dvt_eclipse\predefined_projects\libs\uvm-1.2\src\reg\sequences\uvm_mem_walk_seq.svh ...
Done D:\EDA\dvt_eclipse\predefined_projects\libs\uvm-1.2\src\reg\sequences\uvm_mem_walk_seq.svh [2 ms, 300 lines, SystemVerilog_2012] ...
Loading (140) D:\EDA\dvt_eclipse\predefined_projects\libs\uvm-1.2\src\reg\sequences\uvm_mem_access_seq.svh ...
Done D:\EDA\dvt_eclipse\predefined_projects\libs\uvm-1.2\src\reg\sequences\uvm_mem_access_seq.svh [2 ms, 308 lines, SystemVerilog_2012] ...
Loading (141) D:\EDA\dvt_eclipse\predefined_projects\libs\uvm-1.2\src\reg\sequences\uvm_reg_access_seq.svh ...
Done D:\EDA\dvt_eclipse\predefined_projects\libs\uvm-1.2\src\reg\sequences\uvm_reg_access_seq.svh [2 ms, 366 lines, SystemVerilog_2012] ...
Loading (142) D:\EDA\dvt_eclipse\predefined_projects\libs\uvm-1.2\src\reg\sequences\uvm_reg_mem_shared_access_seq.svh ...
Done D:\EDA\dvt_eclipse\predefined_projects\libs\uvm-1.2\src\reg\sequences\uvm_reg_mem_shared_access_seq.svh [3 ms, 486 lines, SystemVerilog_2012] ...
Loading (143) D:\EDA\dvt_eclipse\predefined_projects\libs\uvm-1.2\src\reg\sequences\uvm_reg_mem_built_in_seq.svh ...
Done D:\EDA\dvt_eclipse\predefined_projects\libs\uvm-1.2\src\reg\sequences\uvm_reg_mem_built_in_seq.svh [1 ms, 139 lines, SystemVerilog_2012] ...
Loading (144) D:\EDA\dvt_eclipse\predefined_projects\libs\uvm-1.2\src\reg\sequences\uvm_reg_mem_hdl_paths_seq.svh ...
Done D:\EDA\dvt_eclipse\predefined_projects\libs\uvm-1.2\src\reg\sequences\uvm_reg_mem_hdl_paths_seq.svh [2 ms, 175 lines, SystemVerilog_2012] ...
Done D:\EDA\dvt_eclipse\predefined_projects\libs\uvm-1.2\src\reg\uvm_reg_model.svh [0 ms, 444 lines, SystemVerilog_2012] ...
Done D:\EDA\dvt_eclipse\predefined_projects\libs\uvm-1.2\src\uvm_pkg.sv [0 ms, 43 lines, SystemVerilog_2012] ...
Loading (145) D:\EDA\project\I2C\I2C\kei_dw_apb_i2c\src\kei_DW_apb_i2c_cc_constants.v ...
Done D:\EDA\project\I2C\I2C\kei_dw_apb_i2c\src\kei_DW_apb_i2c_cc_constants.v [24 ms, 1602 lines, Verilog_2001] ...
Loading (146) D:\EDA\project\I2C\I2C\kei_dw_apb_i2c\src\kei_DW_apb_i2c_bcm_params.v ...
Done D:\EDA\project\I2C\I2C\kei_dw_apb_i2c\src\kei_DW_apb_i2c_bcm_params.v [0 ms, 359 lines, Verilog_2001] ...
Loading (147) D:\EDA\project\I2C\I2C\kei_dw_apb_i2c\src\kei_DW_apb_i2c_bcm57.v ...
Done D:\EDA\project\I2C\I2C\kei_dw_apb_i2c\src\kei_DW_apb_i2c_bcm57.v [1 ms, 148 lines, Verilog_2001] ...
Loading (148) D:\EDA\project\I2C\I2C\kei_dw_apb_i2c\src\kei_DW_apb_i2c_bcm21.v ...
Done D:\EDA\project\I2C\I2C\kei_dw_apb_i2c\src\kei_DW_apb_i2c_bcm21.v [1 ms, 743 lines, Verilog_2001] ...
Loading (149) D:\EDA\project\I2C\I2C\kei_dw_apb_i2c\src\kei_DW_apb_i2c_bcm41.v ...
Done D:\EDA\project\I2C\I2C\kei_dw_apb_i2c\src\kei_DW_apb_i2c_bcm41.v [0 ms, 78 lines, Verilog_2001] ...
Loading (150) D:\EDA\project\I2C\I2C\kei_dw_apb_i2c\src\kei_DW_apb_i2c_bcm47.v ...
Done D:\EDA\project\I2C\I2C\kei_dw_apb_i2c\src\kei_DW_apb_i2c_bcm47.v [2 ms, 421 lines, Verilog_2001] ...
Loading (151) D:\EDA\project\I2C\I2C\kei_dw_apb_i2c\src\kei_DW_apb_i2c_bcm06.v ...
Done D:\EDA\project\I2C\I2C\kei_dw_apb_i2c\src\kei_DW_apb_i2c_bcm06.v [1 ms, 253 lines, Verilog_2001] ...
Loading (152) D:\EDA\project\I2C\I2C\kei_dw_apb_i2c\src\kei_DW_apb_i2c_bcm05.v ...
Done D:\EDA\project\I2C\I2C\kei_dw_apb_i2c\src\kei_DW_apb_i2c_bcm05.v [1 ms, 396 lines, Verilog_2001] ...
Loading (153) D:\EDA\project\I2C\I2C\kei_dw_apb_i2c\src\kei_DW_apb_i2c_bcm07.v ...
Done D:\EDA\project\I2C\I2C\kei_dw_apb_i2c\src\kei_DW_apb_i2c_bcm07.v [0 ms, 280 lines, Verilog_2001] ...
Loading (154) D:\EDA\project\I2C\I2C\kei_dw_apb_i2c\src\kei_DW_apb_i2c_regs.v ...
Done D:\EDA\project\I2C\I2C\kei_dw_apb_i2c\src\kei_DW_apb_i2c_regs.v [0 ms, 68 lines, Verilog_2001] ...
Loading (155) D:\EDA\project\I2C\I2C\kei_dw_apb_i2c\src\kei_DW_apb_i2c_tog.v ...
Done D:\EDA\project\I2C\I2C\kei_dw_apb_i2c\src\kei_DW_apb_i2c_tog.v [0 ms, 64 lines, Verilog_2001] ...
Loading (156) D:\EDA\project\I2C\I2C\kei_dw_apb_i2c\src\kei_DW_apb_i2c_bcm99.v ...
Done D:\EDA\project\I2C\I2C\kei_dw_apb_i2c\src\kei_DW_apb_i2c_bcm99.v [1 ms, 254 lines, Verilog_2001] ...
Loading (157) D:\EDA\project\I2C\I2C\kei_dw_apb_i2c\src\kei_DW_apb_i2c_biu.v ...
Done D:\EDA\project\I2C\I2C\kei_dw_apb_i2c\src\kei_DW_apb_i2c_biu.v [0 ms, 189 lines, Verilog_2001] ...
Loading (158) D:\EDA\project\I2C\I2C\kei_dw_apb_i2c\src\kei_DW_apb_i2c_regfile.v ...
Done D:\EDA\project\I2C\I2C\kei_dw_apb_i2c\src\kei_DW_apb_i2c_regfile.v [7 ms, 1593 lines, Verilog_2001] ...
Loading (159) D:\EDA\project\I2C\I2C\kei_dw_apb_i2c\src\kei_DW_apb_i2c_fifo.v ...
Done D:\EDA\project\I2C\I2C\kei_dw_apb_i2c\src\kei_DW_apb_i2c_fifo.v [1 ms, 376 lines, Verilog_2001] ...
Loading (160) D:\EDA\project\I2C\I2C\kei_dw_apb_i2c\src\kei_DW_apb_i2c_async_fifo.v ...
Done D:\EDA\project\I2C\I2C\kei_dw_apb_i2c\src\kei_DW_apb_i2c_async_fifo.v [1 ms, 600 lines, Verilog_2001] ...
Loading (161) D:\EDA\project\I2C\I2C\kei_dw_apb_i2c\src\kei_DW_apb_i2c_intctl.v ...
Done D:\EDA\project\I2C\I2C\kei_dw_apb_i2c\src\kei_DW_apb_i2c_intctl.v [4 ms, 940 lines, Verilog_2001] ...
Loading (162) D:\EDA\project\I2C\I2C\kei_dw_apb_i2c\src\kei_DW_apb_i2c_rx_filter.v ...
Done D:\EDA\project\I2C\I2C\kei_dw_apb_i2c\src\kei_DW_apb_i2c_rx_filter.v [3 ms, 887 lines, Verilog_2001] ...
Loading (163) D:\EDA\project\I2C\I2C\kei_dw_apb_i2c\src\kei_DW_apb_i2c_clk_gen.v ...
Done D:\EDA\project\I2C\I2C\kei_dw_apb_i2c\src\kei_DW_apb_i2c_clk_gen.v [2 ms, 579 lines, Verilog_2001] ...
Loading (164) D:\EDA\project\I2C\I2C\kei_dw_apb_i2c\src\kei_DW_apb_i2c_mstfsm.v ...
Done D:\EDA\project\I2C\I2C\kei_dw_apb_i2c\src\kei_DW_apb_i2c_mstfsm.v [3 ms, 1592 lines, Verilog_2001] ...
Loading (165) D:\EDA\project\I2C\I2C\kei_dw_apb_i2c\src\kei_DW_apb_i2c_sync.v ...
Done D:\EDA\project\I2C\I2C\kei_dw_apb_i2c\src\kei_DW_apb_i2c_sync.v [1 ms, 489 lines, Verilog_2001] ...
Loading (166) D:\EDA\project\I2C\I2C\kei_dw_apb_i2c\src\kei_DW_apb_i2c_slvfsm.v ...
Done D:\EDA\project\I2C\I2C\kei_dw_apb_i2c\src\kei_DW_apb_i2c_slvfsm.v [2 ms, 891 lines, Verilog_2001] ...
Loading (167) D:\EDA\project\I2C\I2C\kei_dw_apb_i2c\src\kei_DW_apb_i2c_tx_shift.v ...
Done D:\EDA\project\I2C\I2C\kei_dw_apb_i2c\src\kei_DW_apb_i2c_tx_shift.v [4 ms, 1250 lines, Verilog_2001] ...
Loading (168) D:\EDA\project\I2C\I2C\kei_dw_apb_i2c\src\kei_DW_apb_i2c_rx_shift.v ...
Done D:\EDA\project\I2C\I2C\kei_dw_apb_i2c\src\kei_DW_apb_i2c_rx_shift.v [3 ms, 671 lines, Verilog_2001] ...
Loading (169) D:\EDA\project\I2C\I2C\kei_dw_apb_i2c\src\kei_DW_apb_i2c_toggle.v ...
Done D:\EDA\project\I2C\I2C\kei_dw_apb_i2c\src\kei_DW_apb_i2c_toggle.v [2 ms, 870 lines, Verilog_2001] ...
Loading (170) D:\EDA\project\I2C\I2C\kei_dw_apb_i2c\src\kei_DW_apb_i2c_dma.v ...
Done D:\EDA\project\I2C\I2C\kei_dw_apb_i2c\src\kei_DW_apb_i2c_dma.v [1 ms, 203 lines, Verilog_2001] ...
Loading (171) D:\EDA\project\I2C\I2C\kei_dw_apb_i2c\src\kei_DW_apb_i2c.v ...
Done D:\EDA\project\I2C\I2C\kei_dw_apb_i2c\src\kei_DW_apb_i2c.v [5 ms, 1331 lines, Verilog_2001] ...
Loading (172) D:\EDA\project\I2C\I2C\kei_dw_apb_i2c\src\kei_DW_apb_i2c-undef.v ...
Done D:\EDA\project\I2C\I2C\kei_dw_apb_i2c\src\kei_DW_apb_i2c-undef.v [0 ms, 373 lines, Verilog_2001] ...
Loading (173) D:\EDA\project\I2C\I2C\kei_i2c_tb\agents\kei_vip_apb3\kei_vip_apb_if.sv ...
Skip (optimized) D:\EDA\dvt_eclipse\predefined_projects\libs\uvm-1.2\src\uvm_macros.svh ...
Done D:\EDA\project\I2C\I2C\kei_i2c_tb\agents\kei_vip_apb3\kei_vip_apb_if.sv [3 ms, 213 lines, SystemVerilog_2012] ...
Loading (174) D:\EDA\project\I2C\I2C\kei_i2c_tb\agents\kei_vip_apb3\kei_vip_apb_pkg.sv ...
Skip (optimized) D:\EDA\dvt_eclipse\predefined_projects\libs\uvm-1.2\src\uvm_macros.svh ...
Loading (175) D:\EDA\project\I2C\I2C\kei_i2c_tb\agents\kei_vip_apb3\kei_vip_apb.svh ...
Loading (176) D:\EDA\project\I2C\I2C\kei_i2c_tb\agents\kei_vip_apb3\kei_vip_apb_transfer.sv ...
Done D:\EDA\project\I2C\I2C\kei_i2c_tb\agents\kei_vip_apb3\kei_vip_apb_transfer.sv [3 ms, 67 lines, SystemVerilog_2012] ...
Loading (177) D:\EDA\project\I2C\I2C\kei_i2c_tb\agents\kei_vip_apb3\kei_vip_apb_config.sv ...
Done D:\EDA\project\I2C\I2C\kei_i2c_tb\agents\kei_vip_apb3\kei_vip_apb_config.sv [0 ms, 58 lines, SystemVerilog_2012] ...
Loading (178) D:\EDA\project\I2C\I2C\kei_i2c_tb\agents\kei_vip_apb3\kei_vip_apb_master_driver.svh ...
Done D:\EDA\project\I2C\I2C\kei_i2c_tb\agents\kei_vip_apb3\kei_vip_apb_master_driver.svh [1 ms, 73 lines, SystemVerilog_2012] ...
Loading (179) D:\EDA\project\I2C\I2C\kei_i2c_tb\agents\kei_vip_apb3\kei_vip_apb_master_monitor.svh ...
Done D:\EDA\project\I2C\I2C\kei_i2c_tb\agents\kei_vip_apb3\kei_vip_apb_master_monitor.svh [1 ms, 96 lines, SystemVerilog_2012] ...
Loading (180) D:\EDA\project\I2C\I2C\kei_i2c_tb\agents\kei_vip_apb3\kei_vip_apb_master_sequencer.svh ...
Done D:\EDA\project\I2C\I2C\kei_i2c_tb\agents\kei_vip_apb3\kei_vip_apb_master_sequencer.svh [0 ms, 51 lines, SystemVerilog_2012] ...
Loading (181) D:\EDA\project\I2C\I2C\kei_i2c_tb\agents\kei_vip_apb3\kei_vip_apb_master_agent.svh ...
Done D:\EDA\project\I2C\I2C\kei_i2c_tb\agents\kei_vip_apb3\kei_vip_apb_master_agent.svh [1 ms, 67 lines, SystemVerilog_2012] ...
Loading (182) D:\EDA\project\I2C\I2C\kei_i2c_tb\agents\kei_vip_apb3\kei_vip_apb_slave_driver.svh ...
Done D:\EDA\project\I2C\I2C\kei_i2c_tb\agents\kei_vip_apb3\kei_vip_apb_slave_driver.svh [0 ms, 74 lines, SystemVerilog_2012] ...
Loading (183) D:\EDA\project\I2C\I2C\kei_i2c_tb\agents\kei_vip_apb3\kei_vip_apb_slave_monitor.svh ...
Done D:\EDA\project\I2C\I2C\kei_i2c_tb\agents\kei_vip_apb3\kei_vip_apb_slave_monitor.svh [1 ms, 98 lines, SystemVerilog_2012] ...
Loading (184) D:\EDA\project\I2C\I2C\kei_i2c_tb\agents\kei_vip_apb3\kei_vip_apb_slave_sequencer.svh ...
Done D:\EDA\project\I2C\I2C\kei_i2c_tb\agents\kei_vip_apb3\kei_vip_apb_slave_sequencer.svh [32 ms, 51 lines, SystemVerilog_2012] ...
Loading (185) D:\EDA\project\I2C\I2C\kei_i2c_tb\agents\kei_vip_apb3\kei_vip_apb_slave_agent.svh ...
Done D:\EDA\project\I2C\I2C\kei_i2c_tb\agents\kei_vip_apb3\kei_vip_apb_slave_agent.svh [0 ms, 67 lines, SystemVerilog_2012] ...
Loading (186) D:\EDA\project\I2C\I2C\kei_i2c_tb\agents\kei_vip_apb3\kei_vip_apb_master_driver.sv ...
Done D:\EDA\project\I2C\I2C\kei_i2c_tb\agents\kei_vip_apb3\kei_vip_apb_master_driver.sv [1 ms, 130 lines, SystemVerilog_2012] ...
Loading (187) D:\EDA\project\I2C\I2C\kei_i2c_tb\agents\kei_vip_apb3\kei_vip_apb_master_monitor.sv ...
Done D:\EDA\project\I2C\I2C\kei_i2c_tb\agents\kei_vip_apb3\kei_vip_apb_master_monitor.sv [0 ms, 94 lines, SystemVerilog_2012] ...
Loading (188) D:\EDA\project\I2C\I2C\kei_i2c_tb\agents\kei_vip_apb3\kei_vip_apb_master_sequencer.sv ...
Done D:\EDA\project\I2C\I2C\kei_i2c_tb\agents\kei_vip_apb3\kei_vip_apb_master_sequencer.sv [1 ms, 27 lines, SystemVerilog_2012] ...
Loading (189) D:\EDA\project\I2C\I2C\kei_i2c_tb\agents\kei_vip_apb3\kei_vip_apb_master_agent.sv ...
Done D:\EDA\project\I2C\I2C\kei_i2c_tb\agents\kei_vip_apb3\kei_vip_apb_master_agent.sv [0 ms, 67 lines, SystemVerilog_2012] ...
Loading (190) D:\EDA\project\I2C\I2C\kei_i2c_tb\agents\kei_vip_apb3\kei_vip_apb_master_seq_lib.sv ...
Done D:\EDA\project\I2C\I2C\kei_i2c_tb\agents\kei_vip_apb3\kei_vip_apb_master_seq_lib.sv [4 ms, 174 lines, SystemVerilog_2012] ...
Loading (191) D:\EDA\project\I2C\I2C\kei_i2c_tb\agents\kei_vip_apb3\kei_vip_apb_slave_driver.sv ...
Done D:\EDA\project\I2C\I2C\kei_i2c_tb\agents\kei_vip_apb3\kei_vip_apb_slave_driver.sv [0 ms, 139 lines, SystemVerilog_2012] ...
Loading (192) D:\EDA\project\I2C\I2C\kei_i2c_tb\agents\kei_vip_apb3\kei_vip_apb_slave_monitor.sv ...
Done D:\EDA\project\I2C\I2C\kei_i2c_tb\agents\kei_vip_apb3\kei_vip_apb_slave_monitor.sv [1 ms, 97 lines, SystemVerilog_2012] ...
Loading (193) D:\EDA\project\I2C\I2C\kei_i2c_tb\agents\kei_vip_apb3\kei_vip_apb_slave_sequencer.sv ...
Done D:\EDA\project\I2C\I2C\kei_i2c_tb\agents\kei_vip_apb3\kei_vip_apb_slave_sequencer.sv [0 ms, 27 lines, SystemVerilog_2012] ...
Loading (194) D:\EDA\project\I2C\I2C\kei_i2c_tb\agents\kei_vip_apb3\kei_vip_apb_slave_agent.sv ...
Done D:\EDA\project\I2C\I2C\kei_i2c_tb\agents\kei_vip_apb3\kei_vip_apb_slave_agent.sv [0 ms, 63 lines, SystemVerilog_2012] ...
Loading (195) D:\EDA\project\I2C\I2C\kei_i2c_tb\agents\kei_vip_apb3\kei_vip_apb_slave_seq_lib.sv ...
Done D:\EDA\project\I2C\I2C\kei_i2c_tb\agents\kei_vip_apb3\kei_vip_apb_slave_seq_lib.sv [1 ms, 45 lines, SystemVerilog_2012] ...
Loading (196) D:\EDA\project\I2C\I2C\kei_i2c_tb\agents\kei_vip_apb3\kei_vip_apb_reg_adapter.sv ...
Done D:\EDA\project\I2C\I2C\kei_i2c_tb\agents\kei_vip_apb3\kei_vip_apb_reg_adapter.sv [0 ms, 50 lines, SystemVerilog_2012] ...
Done D:\EDA\project\I2C\I2C\kei_i2c_tb\agents\kei_vip_apb3\kei_vip_apb.svh [0 ms, 53 lines, SystemVerilog_2012] ...
Done D:\EDA\project\I2C\I2C\kei_i2c_tb\agents\kei_vip_apb3\kei_vip_apb_pkg.sv [0 ms, 33 lines, SystemVerilog_2012] ...
Loading (197) D:\EDA\project\I2C\I2C\kei_i2c_tb\agents\kei_vip_i2c\kei_vip_i2c_if.sv ...
Done D:\EDA\project\I2C\I2C\kei_i2c_tb\agents\kei_vip_i2c\kei_vip_i2c_if.sv [0 ms, 131 lines, SystemVerilog_2012] ...
Loading (198) D:\EDA\project\I2C\I2C\kei_i2c_tb\agents\kei_vip_i2c\kei_vip_i2c_pkg.sv ...
Skip (optimized) D:\EDA\dvt_eclipse\predefined_projects\libs\uvm-1.2\src\uvm_macros.svh ...
Loading (199) D:\EDA\project\I2C\I2C\kei_i2c_tb\agents\kei_vip_i2c\kei_vip_i2c_defines.svh ...
Done D:\EDA\project\I2C\I2C\kei_i2c_tb\agents\kei_vip_i2c\kei_vip_i2c_defines.svh [0 ms, 206 lines, SystemVerilog_2012] ...
Loading (200) D:\EDA\project\I2C\I2C\kei_i2c_tb\agents\kei_vip_i2c\kei_vip_i2c_types.sv ...
Done D:\EDA\project\I2C\I2C\kei_i2c_tb\agents\kei_vip_i2c\kei_vip_i2c_types.sv [1 ms, 128 lines, SystemVerilog_2012] ...
Loading (201) D:\EDA\project\I2C\I2C\kei_i2c_tb\agents\kei_vip_i2c\kei_vip_configuration.sv ...
Done D:\EDA\project\I2C\I2C\kei_i2c_tb\agents\kei_vip_i2c\kei_vip_configuration.sv [0 ms, 47 lines, SystemVerilog_2012] ...
Loading (202) D:\EDA\project\I2C\I2C\kei_i2c_tb\agents\kei_vip_i2c\kei_vip_i2c_configuration.sv ...
Done D:\EDA\project\I2C\I2C\kei_i2c_tb\agents\kei_vip_i2c\kei_vip_i2c_configuration.sv [56 ms, 1636 lines, SystemVerilog_2012] ...
Loading (203) D:\EDA\project\I2C\I2C\kei_i2c_tb\agents\kei_vip_i2c\kei_vip_i2c_agent_configuration.sv ...
Done D:\EDA\project\I2C\I2C\kei_i2c_tb\agents\kei_vip_i2c\kei_vip_i2c_agent_configuration.sv [7 ms, 126 lines, SystemVerilog_2012] ...
Loading (204) D:\EDA\project\I2C\I2C\kei_i2c_tb\agents\kei_vip_i2c\kei_vip_i2c_transaction.sv ...
Done D:\EDA\project\I2C\I2C\kei_i2c_tb\agents\kei_vip_i2c\kei_vip_i2c_transaction.sv [26 ms, 533 lines, SystemVerilog_2012] ...
Loading (205) D:\EDA\project\I2C\I2C\kei_i2c_tb\agents\kei_vip_i2c\kei_vip_i2c_bfm_common.sv ...
Done D:\EDA\project\I2C\I2C\kei_i2c_tb\agents\kei_vip_i2c\kei_vip_i2c_bfm_common.sv [1 ms, 152 lines, SystemVerilog_2012] ...
Loading (206) D:\EDA\project\I2C\I2C\kei_i2c_tb\agents\kei_vip_i2c\kei_vip_i2c_sequencer.sv ...
Done D:\EDA\project\I2C\I2C\kei_i2c_tb\agents\kei_vip_i2c\kei_vip_i2c_sequencer.sv [0 ms, 63 lines, SystemVerilog_2012] ...
Loading (207) D:\EDA\project\I2C\I2C\kei_i2c_tb\agents\kei_vip_i2c\kei_vip_i2c_master_transaction.sv ...
Done D:\EDA\project\I2C\I2C\kei_i2c_tb\agents\kei_vip_i2c\kei_vip_i2c_master_transaction.sv [3 ms, 416 lines, SystemVerilog_2012] ...
Loading (208) D:\EDA\project\I2C\I2C\kei_i2c_tb\agents\kei_vip_i2c\kei_vip_i2c_master_sequencer.sv ...
Done D:\EDA\project\I2C\I2C\kei_i2c_tb\agents\kei_vip_i2c\kei_vip_i2c_master_sequencer.sv [1 ms, 94 lines, SystemVerilog_2012] ...
Loading (209) D:\EDA\project\I2C\I2C\kei_i2c_tb\agents\kei_vip_i2c\kei_vip_i2c_master_monitor_common.sv ...
Done D:\EDA\project\I2C\I2C\kei_i2c_tb\agents\kei_vip_i2c\kei_vip_i2c_master_monitor_common.sv [1 ms, 489 lines, SystemVerilog_2012] ...
Loading (210) D:\EDA\project\I2C\I2C\kei_i2c_tb\agents\kei_vip_i2c\kei_vip_i2c_master_monitor.sv ...
Done D:\EDA\project\I2C\I2C\kei_i2c_tb\agents\kei_vip_i2c\kei_vip_i2c_master_monitor.sv [3 ms, 210 lines, SystemVerilog_2012] ...
Loading (211) D:\EDA\project\I2C\I2C\kei_i2c_tb\agents\kei_vip_i2c\kei_vip_i2c_master_driver_callback.sv ...
Done D:\EDA\project\I2C\I2C\kei_i2c_tb\agents\kei_vip_i2c\kei_vip_i2c_master_driver_callback.sv [0 ms, 39 lines, SystemVerilog_2012] ...
Loading (212) D:\EDA\project\I2C\I2C\kei_i2c_tb\agents\kei_vip_i2c\kei_vip_i2c_master_driver_common.sv ...
Done D:\EDA\project\I2C\I2C\kei_i2c_tb\agents\kei_vip_i2c\kei_vip_i2c_master_driver_common.sv [5 ms, 1208 lines, SystemVerilog_2012] ...
Loading (213) D:\EDA\project\I2C\I2C\kei_i2c_tb\agents\kei_vip_i2c\kei_vip_i2c_master_driver.sv ...
Done D:\EDA\project\I2C\I2C\kei_i2c_tb\agents\kei_vip_i2c\kei_vip_i2c_master_driver.sv [3 ms, 337 lines, SystemVerilog_2012] ...
Loading (214) D:\EDA\project\I2C\I2C\kei_i2c_tb\agents\kei_vip_i2c\kei_vip_i2c_master_agent.sv ...
Done D:\EDA\project\I2C\I2C\kei_i2c_tb\agents\kei_vip_i2c\kei_vip_i2c_master_agent.sv [2 ms, 205 lines, SystemVerilog_2012] ...
Loading (215) D:\EDA\project\I2C\I2C\kei_i2c_tb\agents\kei_vip_i2c\kei_vip_i2c_slave_transaction.sv ...
Done D:\EDA\project\I2C\I2C\kei_i2c_tb\agents\kei_vip_i2c\kei_vip_i2c_slave_transaction.sv [2 ms, 241 lines, SystemVerilog_2012] ...
Loading (216) D:\EDA\project\I2C\I2C\kei_i2c_tb\agents\kei_vip_i2c\kei_vip_i2c_slave_sequencer.sv ...
Done D:\EDA\project\I2C\I2C\kei_i2c_tb\agents\kei_vip_i2c\kei_vip_i2c_slave_sequencer.sv [1 ms, 94 lines, SystemVerilog_2012] ...
Loading (217) D:\EDA\project\I2C\I2C\kei_i2c_tb\agents\kei_vip_i2c\kei_vip_i2c_slave_monitor_common.sv ...
Done D:\EDA\project\I2C\I2C\kei_i2c_tb\agents\kei_vip_i2c\kei_vip_i2c_slave_monitor_common.sv [2 ms, 473 lines, SystemVerilog_2012] ...
Loading (218) D:\EDA\project\I2C\I2C\kei_i2c_tb\agents\kei_vip_i2c\kei_vip_i2c_slave_monitor.sv ...
Done D:\EDA\project\I2C\I2C\kei_i2c_tb\agents\kei_vip_i2c\kei_vip_i2c_slave_monitor.sv [2 ms, 252 lines, SystemVerilog_2012] ...
Loading (219) D:\EDA\project\I2C\I2C\kei_i2c_tb\agents\kei_vip_i2c\kei_vip_i2c_slave_driver_common.sv ...
Done D:\EDA\project\I2C\I2C\kei_i2c_tb\agents\kei_vip_i2c\kei_vip_i2c_slave_driver_common.sv [2 ms, 527 lines, SystemVerilog_2012] ...
Loading (220) D:\EDA\project\I2C\I2C\kei_i2c_tb\agents\kei_vip_i2c\kei_vip_i2c_slave_driver.sv ...
Done D:\EDA\project\I2C\I2C\kei_i2c_tb\agents\kei_vip_i2c\kei_vip_i2c_slave_driver.sv [2 ms, 332 lines, SystemVerilog_2012] ...
Loading (221) D:\EDA\project\I2C\I2C\kei_i2c_tb\agents\kei_vip_i2c\kei_vip_i2c_slave_agent.sv ...
Done D:\EDA\project\I2C\I2C\kei_i2c_tb\agents\kei_vip_i2c\kei_vip_i2c_slave_agent.sv [3 ms, 208 lines, SystemVerilog_2012] ...
Loading (222) D:\EDA\project\I2C\I2C\kei_i2c_tb\agents\kei_vip_i2c\kei_vip_i2c_system_configuration.sv ...
Done D:\EDA\project\I2C\I2C\kei_i2c_tb\agents\kei_vip_i2c\kei_vip_i2c_system_configuration.sv [7 ms, 300 lines, SystemVerilog_2012] ...
Loading (223) D:\EDA\project\I2C\I2C\kei_i2c_tb\agents\kei_vip_i2c\kei_vip_i2c_system_sequencer.sv ...
Done D:\EDA\project\I2C\I2C\kei_i2c_tb\agents\kei_vip_i2c\kei_vip_i2c_system_sequencer.sv [1 ms, 78 lines, SystemVerilog_2012] ...
Loading (224) D:\EDA\project\I2C\I2C\kei_i2c_tb\agents\kei_vip_i2c\kei_vip_i2c_system_env.sv ...
Done D:\EDA\project\I2C\I2C\kei_i2c_tb\agents\kei_vip_i2c\kei_vip_i2c_system_env.sv [2 ms, 225 lines, SystemVerilog_2012] ...
Done D:\EDA\project\I2C\I2C\kei_i2c_tb\agents\kei_vip_i2c\kei_vip_i2c_pkg.sv [0 ms, 63 lines, SystemVerilog_2012] ...
Loading (225) D:\EDA\project\I2C\I2C\kei_i2c_tb\env\kei_i2c_pkg.sv ...
Skip (optimized) D:\EDA\dvt_eclipse\predefined_projects\libs\uvm-1.2\src\uvm_macros.svh ...
Loading (226) D:\EDA\project\I2C\I2C\kei_i2c_tb\agents\kei_vip_i2c\kei_vip_i2c_defines.svh ...
Done D:\EDA\project\I2C\I2C\kei_i2c_tb\agents\kei_vip_i2c\kei_vip_i2c_defines.svh [0 ms, 206 lines, SystemVerilog_2012] ...
Loading (227) D:\EDA\project\I2C\I2C\kei_i2c_tb\reg\ral_kei_i2c.sv ...
Done D:\EDA\project\I2C\I2C\kei_i2c_tb\reg\ral_kei_i2c.sv [26 ms, 2409 lines, SystemVerilog_2012] ...
Loading (228) D:\EDA\project\I2C\I2C\kei_i2c_tb\cfg\kei_i2c_configs.svh ...
Loading (229) D:\EDA\project\I2C\I2C\kei_i2c_tb\cfg\kei_i2c_defines.svh ...
Done D:\EDA\project\I2C\I2C\kei_i2c_tb\cfg\kei_i2c_defines.svh [0 ms, 35 lines, SystemVerilog_2012] ...
Loading (230) D:\EDA\project\I2C\I2C\kei_i2c_tb\cfg\kei_i2c_config.sv ...
Done D:\EDA\project\I2C\I2C\kei_i2c_tb\cfg\kei_i2c_config.sv [0 ms, 50 lines, SystemVerilog_2012] ...
Done D:\EDA\project\I2C\I2C\kei_i2c_tb\cfg\kei_i2c_configs.svh [0 ms, 9 lines, SystemVerilog_2012] ...
Loading (231) D:\EDA\project\I2C\I2C\kei_i2c_tb\cov\kei_i2c_cgm.sv ...
Done D:\EDA\project\I2C\I2C\kei_i2c_tb\cov\kei_i2c_cgm.sv [1 ms, 25 lines, SystemVerilog_2012] ...
Loading (232) D:\EDA\project\I2C\I2C\kei_i2c_tb\env\kei_i2c_master_scoreboard.sv ...
Done D:\EDA\project\I2C\I2C\kei_i2c_tb\env\kei_i2c_master_scoreboard.sv [1 ms, 191 lines, SystemVerilog_2012] ...
Loading (233) D:\EDA\project\I2C\I2C\kei_i2c_tb\env\kei_i2c_virtual_sequencer.sv ...
Done D:\EDA\project\I2C\I2C\kei_i2c_tb\env\kei_i2c_virtual_sequencer.sv [0 ms, 33 lines, SystemVerilog_2012] ...
Loading (234) D:\EDA\project\I2C\I2C\kei_i2c_tb\env\kei_i2c_env.sv ...
Done D:\EDA\project\I2C\I2C\kei_i2c_tb\env\kei_i2c_env.sv [1 ms, 102 lines, SystemVerilog_2012] ...
Loading (235) D:\EDA\project\I2C\I2C\kei_i2c_tb\seq_lib\elem_seqs\kei_i2c_element_sequences.svh ...
Loading (236) D:\EDA\project\I2C\I2C\kei_i2c_tb\seq_lib\elem_seqs\kei_apb_base_sequence.sv ...
Done D:\EDA\project\I2C\I2C\kei_i2c_tb\seq_lib\elem_seqs\kei_apb_base_sequence.sv [0 ms, 46 lines, SystemVerilog_2012] ...
Loading (237) D:\EDA\project\I2C\I2C\kei_i2c_tb\seq_lib\elem_seqs\kei_apb_config_seq.sv ...
Done D:\EDA\project\I2C\I2C\kei_i2c_tb\seq_lib\elem_seqs\kei_apb_config_seq.sv [1 ms, 54 lines, SystemVerilog_2012] ...
Loading (238) D:\EDA\project\I2C\I2C\kei_i2c_tb\seq_lib\elem_seqs\kei_apb_write_packet_seq.sv ...
Done D:\EDA\project\I2C\I2C\kei_i2c_tb\seq_lib\elem_seqs\kei_apb_write_packet_seq.sv [0 ms, 44 lines, SystemVerilog_2012] ...
Loading (239) D:\EDA\project\I2C\I2C\kei_i2c_tb\seq_lib\elem_seqs\kei_apb_read_packet_seq.sv ...
Done D:\EDA\project\I2C\I2C\kei_i2c_tb\seq_lib\elem_seqs\kei_apb_read_packet_seq.sv [0 ms, 46 lines, SystemVerilog_2012] ...
Loading (240) D:\EDA\project\I2C\I2C\kei_i2c_tb\seq_lib\elem_seqs\kei_apb_wait_empty_seq.sv ...
Done D:\EDA\project\I2C\I2C\kei_i2c_tb\seq_lib\elem_seqs\kei_apb_wait_empty_seq.sv [1 ms, 31 lines, SystemVerilog_2012] ...
Loading (241) D:\EDA\project\I2C\I2C\kei_i2c_tb\seq_lib\elem_seqs\kei_apb_intr_enable_seq.sv ...
Done D:\EDA\project\I2C\I2C\kei_i2c_tb\seq_lib\elem_seqs\kei_apb_intr_enable_seq.sv [0 ms, 26 lines, SystemVerilog_2012] ...
Loading (242) D:\EDA\project\I2C\I2C\kei_i2c_tb\seq_lib\elem_seqs\kei_apb_intr_wait_seq.sv ...
Done D:\EDA\project\I2C\I2C\kei_i2c_tb\seq_lib\elem_seqs\kei_apb_intr_wait_seq.sv [1 ms, 49 lines, SystemVerilog_2012] ...
Loading (243) D:\EDA\project\I2C\I2C\kei_i2c_tb\seq_lib\elem_seqs\kei_apb_intr_clear_seq.sv ...
Done D:\EDA\project\I2C\I2C\kei_i2c_tb\seq_lib\elem_seqs\kei_apb_intr_clear_seq.sv [0 ms, 47 lines, SystemVerilog_2012] ...
Loading (244) D:\EDA\project\I2C\I2C\kei_i2c_tb\seq_lib\elem_seqs\kei_i2c_slave_base_sequence.sv ...
Done D:\EDA\project\I2C\I2C\kei_i2c_tb\seq_lib\elem_seqs\kei_i2c_slave_base_sequence.sv [20 ms, 40 lines, SystemVerilog_2012] ...
Loading (245) D:\EDA\project\I2C\I2C\kei_i2c_tb\seq_lib\elem_seqs\kei_i2c_slave_write_response_seq.sv ...
Done D:\EDA\project\I2C\I2C\kei_i2c_tb\seq_lib\elem_seqs\kei_i2c_slave_write_response_seq.sv [1 ms, 38 lines, SystemVerilog_2012] ...
Loading (246) D:\EDA\project\I2C\I2C\kei_i2c_tb\seq_lib\elem_seqs\kei_i2c_slave_read_response_seq.sv ...
Done D:\EDA\project\I2C\I2C\kei_i2c_tb\seq_lib\elem_seqs\kei_i2c_slave_read_response_seq.sv [0 ms, 41 lines, SystemVerilog_2012] ...
Done D:\EDA\project\I2C\I2C\kei_i2c_tb\seq_lib\elem_seqs\kei_i2c_element_sequences.svh [0 ms, 21 lines, SystemVerilog_2012] ...
Loading (247) D:\EDA\project\I2C\I2C\kei_i2c_tb\seq_lib\kei_i2c_virtual_sequences.svh ...
Loading (248) D:\EDA\project\I2C\I2C\kei_i2c_tb\seq_lib\kei_i2c_base_virtual_sequence.sv ...
Done D:\EDA\project\I2C\I2C\kei_i2c_tb\seq_lib\kei_i2c_base_virtual_sequence.sv [1 ms, 70 lines, SystemVerilog_2012] ...
Loading (249) D:\EDA\project\I2C\I2C\kei_i2c_tb\seq_lib\kei_i2c_quick_reg_access_virt_seq.sv ...
Done D:\EDA\project\I2C\I2C\kei_i2c_tb\seq_lib\kei_i2c_quick_reg_access_virt_seq.sv [0 ms, 70 lines, SystemVerilog_2012] ...
Loading (250) D:\EDA\project\I2C\I2C\kei_i2c_tb\seq_lib\kei_i2c_master_directed_interrupt_virt_seq.sv ...
Done D:\EDA\project\I2C\I2C\kei_i2c_tb\seq_lib\kei_i2c_master_directed_interrupt_virt_seq.sv [1 ms, 29 lines, SystemVerilog_2012] ...
Loading (251) D:\EDA\project\I2C\I2C\kei_i2c_tb\seq_lib\kei_i2c_master_directed_write_packet_virt_seq.sv ...
Done D:\EDA\project\I2C\I2C\kei_i2c_tb\seq_lib\kei_i2c_master_directed_write_packet_virt_seq.sv [0 ms, 28 lines, SystemVerilog_2012] ...
Loading (252) D:\EDA\project\I2C\I2C\kei_i2c_tb\seq_lib\kei_i2c_master_directed_read_packet_virt_seq.sv ...
Done D:\EDA\project\I2C\I2C\kei_i2c_tb\seq_lib\kei_i2c_master_directed_read_packet_virt_seq.sv [0 ms, 31 lines, SystemVerilog_2012] ...
Done D:\EDA\project\I2C\I2C\kei_i2c_tb\seq_lib\kei_i2c_virtual_sequences.svh [0 ms, 13 lines, SystemVerilog_2012] ...
Loading (253) D:\EDA\project\I2C\I2C\kei_i2c_tb\tests\kei_i2c_tests.svh ...
Loading (254) D:\EDA\project\I2C\I2C\kei_i2c_tb\tests\kei_i2c_base_test.sv ...
Done D:\EDA\project\I2C\I2C\kei_i2c_tb\tests\kei_i2c_base_test.sv [0 ms, 43 lines, SystemVerilog_2012] ...
Loading (255) D:\EDA\project\I2C\I2C\kei_i2c_tb\tests\kei_i2c_quick_reg_access_test.sv ...
Done D:\EDA\project\I2C\I2C\kei_i2c_tb\tests\kei_i2c_quick_reg_access_test.sv [1 ms, 32 lines, SystemVerilog_2012] ...
Loading (256) D:\EDA\project\I2C\I2C\kei_i2c_tb\tests\kei_i2c_master_directed_interrupt_test.sv ...
Done D:\EDA\project\I2C\I2C\kei_i2c_tb\tests\kei_i2c_master_directed_interrupt_test.sv [0 ms, 32 lines, SystemVerilog_2012] ...
Loading (257) D:\EDA\project\I2C\I2C\kei_i2c_tb\tests\kei_i2c_master_directed_write_packet_test.sv ...
Done D:\EDA\project\I2C\I2C\kei_i2c_tb\tests\kei_i2c_master_directed_write_packet_test.sv [1 ms, 32 lines, SystemVerilog_2012] ...
Loading (258) D:\EDA\project\I2C\I2C\kei_i2c_tb\tests\kei_i2c_master_directed_read_packet_test.sv ...
Done D:\EDA\project\I2C\I2C\kei_i2c_tb\tests\kei_i2c_master_directed_read_packet_test.sv [0 ms, 32 lines, SystemVerilog_2012] ...
Done D:\EDA\project\I2C\I2C\kei_i2c_tb\tests\kei_i2c_tests.svh [0 ms, 13 lines, SystemVerilog_2012] ...
Done D:\EDA\project\I2C\I2C\kei_i2c_tb\env\kei_i2c_pkg.sv [0 ms, 26 lines, SystemVerilog_2012] ...
Loading (259) D:\EDA\project\I2C\I2C\kei_i2c_tb\tb\kei_i2c_if.sv ...
Skip (optimized) D:\EDA\dvt_eclipse\predefined_projects\libs\uvm-1.2\src\uvm_macros.svh ...
Done D:\EDA\project\I2C\I2C\kei_i2c_tb\tb\kei_i2c_if.sv [0 ms, 83 lines, SystemVerilog_2012] ...
Loading (260) D:\EDA\project\I2C\I2C\kei_i2c_tb\tb\kei_i2c_tb.sv ...
Skip (optimized) D:\EDA\dvt_eclipse\predefined_projects\libs\uvm-1.2\src\uvm_macros.svh ...
Done D:\EDA\project\I2C\I2C\kei_i2c_tb\tb\kei_i2c_tb.sv [1 ms, 137 lines, SystemVerilog_2012] ...
*** Done parsing [LT 656.0 ms, PT 667.0 ms, SGT 13%, UGT 11%] ***
*** Total number of lines [108 240] ***
Performing post full build actions ...
Performing post full build step 1 (SRI) [1 ms] ...
Performing post full build step 2 (RI) [3 ms] ...
Performing post full build step 3 (RCP) [7 ms] ...
*** Done SystemVerilog build [708 ms] ***
*** Start mixed mode extension build ***
Performing mixed post full build step 1 (Verilog - RI) [2 ms] ...
Performing mixed post full build step 2 (Verilog - RC) [0 ms] ...
Performing mixed post full build step 3 (Verilog - RPC) [9 ms] ...
Performing mixed post full build step 4 (Verilog - RD) [15 ms] ...
Performing mixed post full build step 5 (Verilog - FSC) [253 ms] ...
Performing mixed post full build step 6 (Verilog - EV) [104 ms] ...
Performing mixed post full build step 7 (Verilog - US) [50 ms] ...
*** Done mixed mode extension build [504 ms] ***
*** Start adding/validating the DVT Auto-Linked resources ***
*** Done adding/validating the DVT Auto-Linked resources [9 ms] ***
*** Total build time [1s.305ms] ***
